{"C:\\Users\\Екатерина\\OneDrive\\Рабочий стол\\НЕТОЛОГИЯ\\JS\\AJS-16.4.1\\src\\js\\app.js": {"path":"C:\\Users\\Екатерина\\OneDrive\\Рабочий стол\\НЕТОЛОГИЯ\\JS\\AJS-16.4.1\\src\\js\\app.js","statementMap":{"0":{"start":{"line":2,"column":4},"end":{"line":4,"column":5}},"1":{"start":{"line":3,"column":6},"end":{"line":3,"column":23}},"2":{"start":{"line":4,"column":6},"end":{"line":6,"column":5}},"3":{"start":{"line":5,"column":6},"end":{"line":5,"column":23}},"4":{"start":{"line":7,"column":4},"end":{"line":7,"column":22}}},"fnMap":{"0":{"name":"healthReturn","decl":{"start":{"line":1,"column":24},"end":{"line":1,"column":36}},"loc":{"start":{"line":1,"column":43},"end":{"line":8,"column":3}},"line":1}},"branchMap":{"0":{"loc":{"start":{"line":2,"column":4},"end":{"line":4,"column":5}},"type":"if","locations":[{"start":{"line":2,"column":4},"end":{"line":4,"column":5}},{"start":{"line":2,"column":4},"end":{"line":4,"column":5}}],"line":2},"1":{"loc":{"start":{"line":4,"column":6},"end":{"line":6,"column":5}},"type":"if","locations":[{"start":{"line":4,"column":6},"end":{"line":6,"column":5}},{"start":{"line":4,"column":6},"end":{"line":6,"column":5}}],"line":4},"2":{"loc":{"start":{"line":4,"column":10},"end":{"line":4,"column":48}},"type":"binary-expr","locations":[{"start":{"line":4,"column":10},"end":{"line":4,"column":27}},{"start":{"line":4,"column":31},"end":{"line":4,"column":48}}],"line":4}},"s":{"0":5,"1":1,"2":4,"3":3,"4":1},"f":{"0":5},"b":{"0":[1,4],"1":[3,1],"2":[4,3]},"_coverageSchema":"1a1c01bbd47fc00a2c39e90264f33305004495a9","hash":"8361ceea8ca9cc8aae4cde14a85e7b1362dbe922"}
}
